<?xml version="1.0" encoding="UTF-8"?>
<!-- Generated by org.testng.reporters.JUnitReportReporter -->
<testsuite hostname="Yehia-pc" failures="0" tests="1" name="org.example.testRunner.runners" time="12.708" errors="0" timestamp="2023-05-05T17:05:26 EET" skipped="0">
  <testcase classname="org.example.testRunner.runners" name="runScenario" time="12.708"/>
  <system-out/>
</testsuite> <!-- org.example.testRunner.runners -->
